<?xml version="1.0" encoding="UTF-8"?>
<testng-results skipped="0" failed="3" ignored="0" total="24" passed="21">
  <reporter-output>
  </reporter-output>
  <suite name="Surefire suite" duration-ms="481033" started-at="2022-12-11T19:44:22 EET" finished-at="2022-12-11T19:52:23 EET">
    <groups>
      <group name="cucumber">
        <method signature="AbstractTestNGCucumberTests.runScenario(io.cucumber.testng.PickleWrapper,io.cucumber.testng.FeatureWrapper)[pri:0, instance:testRunner.simulator@50d0686]" name="runScenario" class="io.cucumber.testng.AbstractTestNGCucumberTests"/>
      </group> <!-- cucumber -->
    </groups>
    <test name="Surefire test" duration-ms="481033" started-at="2022-12-11T19:44:22 EET" finished-at="2022-12-11T19:52:23 EET">
      <class name="testRunner.simulator">
        <test-method status="PASS" signature="setUpClass(org.testng.ITestContext)[pri:0, instance:testRunner.simulator@50d0686]" name="setUpClass" is-config="true" duration-ms="23249" started-at="2022-12-11T19:44:24 EET" finished-at="2022-12-11T19:44:47 EET">
          <params>
            <param index="0">
              <value>
                <![CDATA[org.testng.TestRunner@26270b77]]>
              </value>
            </param>
          </params>
          <reporter-output>
          </reporter-output>
        </test-method> <!-- setUpClass -->
        <test-method status="PASS" signature="runScenario(io.cucumber.testng.PickleWrapper,io.cucumber.testng.FeatureWrapper)[pri:0, instance:testRunner.simulator@50d0686]" name="runScenario" duration-ms="74553" started-at="2022-12-11T19:44:47 EET" description="Runs Cucumber Scenarios" data-provider="scenarios" finished-at="2022-12-11T19:46:02 EET">
          <params>
            <param index="0">
              <value>
                <![CDATA["change currency to euro"]]>
              </value>
            </param>
            <param index="1">
              <value>
                <![CDATA["test currency"]]>
              </value>
            </param>
          </params>
          <reporter-output>
          </reporter-output>
        </test-method> <!-- runScenario -->
        <test-method status="PASS" signature="runScenario(io.cucumber.testng.PickleWrapper,io.cucumber.testng.FeatureWrapper)[pri:0, instance:testRunner.simulator@50d0686]" name="runScenario" duration-ms="20505" started-at="2022-12-11T19:46:02 EET" description="Runs Cucumber Scenarios" data-provider="scenarios" finished-at="2022-12-11T19:46:22 EET">
          <params>
            <param index="0">
              <value>
                <![CDATA["Register with valid data"]]>
              </value>
            </param>
            <param index="1">
              <value>
                <![CDATA["test register"]]>
              </value>
            </param>
          </params>
          <reporter-output>
          </reporter-output>
        </test-method> <!-- runScenario -->
        <test-method status="PASS" signature="runScenario(io.cucumber.testng.PickleWrapper,io.cucumber.testng.FeatureWrapper)[pri:0, instance:testRunner.simulator@50d0686]" name="runScenario" duration-ms="24241" started-at="2022-12-11T19:46:22 EET" description="Runs Cucumber Scenarios" data-provider="scenarios" finished-at="2022-12-11T19:46:47 EET">
          <params>
            <param index="0">
              <value>
                <![CDATA["user didn't enter any data"]]>
              </value>
            </param>
            <param index="1">
              <value>
                <![CDATA["test register"]]>
              </value>
            </param>
          </params>
          <reporter-output>
          </reporter-output>
        </test-method> <!-- runScenario -->
        <test-method status="PASS" signature="runScenario(io.cucumber.testng.PickleWrapper,io.cucumber.testng.FeatureWrapper)[pri:0, instance:testRunner.simulator@50d0686]" name="runScenario" duration-ms="20194" started-at="2022-12-11T19:46:47 EET" description="Runs Cucumber Scenarios" data-provider="scenarios" finished-at="2022-12-11T19:47:07 EET">
          <params>
            <param index="0">
              <value>
                <![CDATA["user didn't enter the same password"]]>
              </value>
            </param>
            <param index="1">
              <value>
                <![CDATA["test register"]]>
              </value>
            </param>
          </params>
          <reporter-output>
          </reporter-output>
        </test-method> <!-- runScenario -->
        <test-method status="PASS" signature="runScenario(io.cucumber.testng.PickleWrapper,io.cucumber.testng.FeatureWrapper)[pri:0, instance:testRunner.simulator@50d0686]" name="runScenario" duration-ms="22918" started-at="2022-12-11T19:47:07 EET" description="Runs Cucumber Scenarios" data-provider="scenarios" finished-at="2022-12-11T19:47:30 EET">
          <params>
            <param index="0">
              <value>
                <![CDATA["email already exist"]]>
              </value>
            </param>
            <param index="1">
              <value>
                <![CDATA["test register"]]>
              </value>
            </param>
          </params>
          <reporter-output>
          </reporter-output>
        </test-method> <!-- runScenario -->
        <test-method status="PASS" signature="runScenario(io.cucumber.testng.PickleWrapper,io.cucumber.testng.FeatureWrapper)[pri:0, instance:testRunner.simulator@50d0686]" name="runScenario" duration-ms="15050" started-at="2022-12-11T19:47:30 EET" description="Runs Cucumber Scenarios" data-provider="scenarios" finished-at="2022-12-11T19:47:45 EET">
          <params>
            <param index="0">
              <value>
                <![CDATA[": search products with name"]]>
              </value>
            </param>
            <param index="1">
              <value>
                <![CDATA["test search"]]>
              </value>
            </param>
          </params>
          <reporter-output>
          </reporter-output>
        </test-method> <!-- runScenario -->
        <test-method status="PASS" signature="runScenario(io.cucumber.testng.PickleWrapper,io.cucumber.testng.FeatureWrapper)[pri:0, instance:testRunner.simulator@50d0686]" name="runScenario" duration-ms="18595" started-at="2022-12-11T19:47:45 EET" description="Runs Cucumber Scenarios" data-provider="scenarios" finished-at="2022-12-11T19:48:03 EET">
          <params>
            <param index="0">
              <value>
                <![CDATA[": search products with name"]]>
              </value>
            </param>
            <param index="1">
              <value>
                <![CDATA["test search"]]>
              </value>
            </param>
          </params>
          <reporter-output>
          </reporter-output>
        </test-method> <!-- runScenario -->
        <test-method status="PASS" signature="runScenario(io.cucumber.testng.PickleWrapper,io.cucumber.testng.FeatureWrapper)[pri:0, instance:testRunner.simulator@50d0686]" name="runScenario" duration-ms="12155" started-at="2022-12-11T19:48:03 EET" description="Runs Cucumber Scenarios" data-provider="scenarios" finished-at="2022-12-11T19:48:15 EET">
          <params>
            <param index="0">
              <value>
                <![CDATA[": search products with name"]]>
              </value>
            </param>
            <param index="1">
              <value>
                <![CDATA["test search"]]>
              </value>
            </param>
          </params>
          <reporter-output>
          </reporter-output>
        </test-method> <!-- runScenario -->
        <test-method status="PASS" signature="runScenario(io.cucumber.testng.PickleWrapper,io.cucumber.testng.FeatureWrapper)[pri:0, instance:testRunner.simulator@50d0686]" name="runScenario" duration-ms="13988" started-at="2022-12-11T19:48:15 EET" description="Runs Cucumber Scenarios" data-provider="scenarios" finished-at="2022-12-11T19:48:29 EET">
          <params>
            <param index="0">
              <value>
                <![CDATA[": search products with sku"]]>
              </value>
            </param>
            <param index="1">
              <value>
                <![CDATA["test search"]]>
              </value>
            </param>
          </params>
          <reporter-output>
          </reporter-output>
        </test-method> <!-- runScenario -->
        <test-method status="PASS" signature="runScenario(io.cucumber.testng.PickleWrapper,io.cucumber.testng.FeatureWrapper)[pri:0, instance:testRunner.simulator@50d0686]" name="runScenario" duration-ms="12465" started-at="2022-12-11T19:48:29 EET" description="Runs Cucumber Scenarios" data-provider="scenarios" finished-at="2022-12-11T19:48:42 EET">
          <params>
            <param index="0">
              <value>
                <![CDATA[": search products with sku"]]>
              </value>
            </param>
            <param index="1">
              <value>
                <![CDATA["test search"]]>
              </value>
            </param>
          </params>
          <reporter-output>
          </reporter-output>
        </test-method> <!-- runScenario -->
        <test-method status="PASS" signature="runScenario(io.cucumber.testng.PickleWrapper,io.cucumber.testng.FeatureWrapper)[pri:0, instance:testRunner.simulator@50d0686]" name="runScenario" duration-ms="24622" started-at="2022-12-11T19:48:42 EET" description="Runs Cucumber Scenarios" data-provider="scenarios" finished-at="2022-12-11T19:49:07 EET">
          <params>
            <param index="0">
              <value>
                <![CDATA[": search products with sku"]]>
              </value>
            </param>
            <param index="1">
              <value>
                <![CDATA["test search"]]>
              </value>
            </param>
          </params>
          <reporter-output>
          </reporter-output>
        </test-method> <!-- runScenario -->
        <test-method status="PASS" signature="runScenario(io.cucumber.testng.PickleWrapper,io.cucumber.testng.FeatureWrapper)[pri:0, instance:testRunner.simulator@50d0686]" name="runScenario" duration-ms="21655" started-at="2022-12-11T19:49:07 EET" description="Runs Cucumber Scenarios" data-provider="scenarios" finished-at="2022-12-11T19:49:28 EET">
          <params>
            <param index="0">
              <value>
                <![CDATA["user clicks follow us icons"]]>
              </value>
            </param>
            <param index="1">
              <value>
                <![CDATA["test follow us"]]>
              </value>
            </param>
          </params>
          <reporter-output>
          </reporter-output>
        </test-method> <!-- runScenario -->
        <test-method status="PASS" signature="runScenario(io.cucumber.testng.PickleWrapper,io.cucumber.testng.FeatureWrapper)[pri:0, instance:testRunner.simulator@50d0686]" name="runScenario" duration-ms="20949" started-at="2022-12-11T19:49:28 EET" description="Runs Cucumber Scenarios" data-provider="scenarios" finished-at="2022-12-11T19:49:49 EET">
          <params>
            <param index="0">
              <value>
                <![CDATA["user clicks follow us icons"]]>
              </value>
            </param>
            <param index="1">
              <value>
                <![CDATA["test follow us"]]>
              </value>
            </param>
          </params>
          <reporter-output>
          </reporter-output>
        </test-method> <!-- runScenario -->
        <test-method status="PASS" signature="runScenario(io.cucumber.testng.PickleWrapper,io.cucumber.testng.FeatureWrapper)[pri:0, instance:testRunner.simulator@50d0686]" name="runScenario" duration-ms="23460" started-at="2022-12-11T19:49:49 EET" description="Runs Cucumber Scenarios" data-provider="scenarios" finished-at="2022-12-11T19:50:13 EET">
          <params>
            <param index="0">
              <value>
                <![CDATA["user clicks follow us icons"]]>
              </value>
            </param>
            <param index="1">
              <value>
                <![CDATA["test follow us"]]>
              </value>
            </param>
          </params>
          <reporter-output>
          </reporter-output>
        </test-method> <!-- runScenario -->
        <test-method status="FAIL" signature="runScenario(io.cucumber.testng.PickleWrapper,io.cucumber.testng.FeatureWrapper)[pri:0, instance:testRunner.simulator@50d0686]" name="runScenario" duration-ms="13547" started-at="2022-12-11T19:50:13 EET" description="Runs Cucumber Scenarios" data-provider="scenarios" finished-at="2022-12-11T19:50:26 EET">
          <params>
            <param index="0">
              <value>
                <![CDATA["user clicks follow us icons"]]>
              </value>
            </param>
            <param index="1">
              <value>
                <![CDATA["test follow us"]]>
              </value>
            </param>
          </params>
          <exception class="java.lang.AssertionError">
            <message>
              <![CDATA[expected [https://demo.nopcommerce.com/new-online-store-is-open] but found [https://demo.nopcommerce.com/news/rss/1]]]>
            </message>
            <full-stacktrace>
              <![CDATA[java.lang.AssertionError: expected [https://demo.nopcommerce.com/new-online-store-is-open] but found [https://demo.nopcommerce.com/news/rss/1]
at org.testng.Assert.fail(Assert.java:110)
at org.testng.Assert.failNotEquals(Assert.java:1413)
at org.testng.Assert.assertEqualsImpl(Assert.java:149)
at org.testng.Assert.assertEquals(Assert.java:131)
at org.testng.Assert.assertEquals(Assert.java:655)
at org.testng.Assert.assertEquals(Assert.java:665)
at stepDefs.followUsFeatureSteps.checkOnUrl(followUsFeatureSteps.java:34)
at ✽.user should go to selected "https://demo.nopcommerce.com/new-online-store-is-open"(file:///C:/Users/user/IdeaProjects/E-commerce%20App%20Automation%20Testing/src/main/resources/features/followUs.feature:7)
]]>
            </full-stacktrace>
          </exception> <!-- java.lang.AssertionError -->
          <reporter-output>
          </reporter-output>
        </test-method> <!-- runScenario -->
        <test-method status="PASS" signature="runScenario(io.cucumber.testng.PickleWrapper,io.cucumber.testng.FeatureWrapper)[pri:0, instance:testRunner.simulator@50d0686]" name="runScenario" duration-ms="12763" started-at="2022-12-11T19:50:26 EET" description="Runs Cucumber Scenarios" data-provider="scenarios" finished-at="2022-12-11T19:50:39 EET">
          <params>
            <param index="0">
              <value>
                <![CDATA["test random hover"]]>
              </value>
            </param>
            <param index="1">
              <value>
                <![CDATA["test hover to categories"]]>
              </value>
            </param>
          </params>
          <reporter-output>
          </reporter-output>
        </test-method> <!-- runScenario -->
        <test-method status="PASS" signature="runScenario(io.cucumber.testng.PickleWrapper,io.cucumber.testng.FeatureWrapper)[pri:0, instance:testRunner.simulator@50d0686]" name="runScenario" duration-ms="16599" started-at="2022-12-11T19:50:39 EET" description="Runs Cucumber Scenarios" data-provider="scenarios" finished-at="2022-12-11T19:50:56 EET">
          <params>
            <param index="0">
              <value>
                <![CDATA["Enter Valid Data"]]>
              </value>
            </param>
            <param index="1">
              <value>
                <![CDATA["Test Login Functionality"]]>
              </value>
            </param>
          </params>
          <reporter-output>
          </reporter-output>
        </test-method> <!-- runScenario -->
        <test-method status="PASS" signature="runScenario(io.cucumber.testng.PickleWrapper,io.cucumber.testng.FeatureWrapper)[pri:0, instance:testRunner.simulator@50d0686]" name="runScenario" duration-ms="15001" started-at="2022-12-11T19:50:56 EET" description="Runs Cucumber Scenarios" data-provider="scenarios" finished-at="2022-12-11T19:51:11 EET">
          <params>
            <param index="0">
              <value>
                <![CDATA["Enter invalid Data"]]>
              </value>
            </param>
            <param index="1">
              <value>
                <![CDATA["Test Login Functionality"]]>
              </value>
            </param>
          </params>
          <reporter-output>
          </reporter-output>
        </test-method> <!-- runScenario -->
        <test-method status="PASS" signature="runScenario(io.cucumber.testng.PickleWrapper,io.cucumber.testng.FeatureWrapper)[pri:0, instance:testRunner.simulator@50d0686]" name="runScenario" duration-ms="13369" started-at="2022-12-11T19:51:11 EET" description="Runs Cucumber Scenarios" data-provider="scenarios" finished-at="2022-12-11T19:51:24 EET">
          <params>
            <param index="0">
              <value>
                <![CDATA["Enter invalid email form"]]>
              </value>
            </param>
            <param index="1">
              <value>
                <![CDATA["Test Login Functionality"]]>
              </value>
            </param>
          </params>
          <reporter-output>
          </reporter-output>
        </test-method> <!-- runScenario -->
        <test-method status="PASS" signature="runScenario(io.cucumber.testng.PickleWrapper,io.cucumber.testng.FeatureWrapper)[pri:0, instance:testRunner.simulator@50d0686]" name="runScenario" duration-ms="14934" started-at="2022-12-11T19:51:24 EET" description="Runs Cucumber Scenarios" data-provider="scenarios" finished-at="2022-12-11T19:51:39 EET">
          <params>
            <param index="0">
              <value>
                <![CDATA["user forget Password"]]>
              </value>
            </param>
            <param index="1">
              <value>
                <![CDATA["Test Login Functionality"]]>
              </value>
            </param>
          </params>
          <reporter-output>
          </reporter-output>
        </test-method> <!-- runScenario -->
        <test-method status="FAIL" signature="runScenario(io.cucumber.testng.PickleWrapper,io.cucumber.testng.FeatureWrapper)[pri:0, instance:testRunner.simulator@50d0686]" name="runScenario" duration-ms="9782" started-at="2022-12-11T19:51:39 EET" description="Runs Cucumber Scenarios" data-provider="scenarios" finished-at="2022-12-11T19:51:49 EET">
          <params>
            <param index="0">
              <value>
                <![CDATA["test nokia pic"]]>
              </value>
            </param>
            <param index="1">
              <value>
                <![CDATA["test slider"]]>
              </value>
            </param>
          </params>
          <exception class="java.lang.AssertionError">
            <message>
              <![CDATA[expected [https://demo.nopcommerce.com/nokia-lumia-1020] but found [https://demo.nopcommerce.com/]]]>
            </message>
            <full-stacktrace>
              <![CDATA[java.lang.AssertionError: expected [https://demo.nopcommerce.com/nokia-lumia-1020] but found [https://demo.nopcommerce.com/]
at org.testng.Assert.fail(Assert.java:110)
at org.testng.Assert.failNotEquals(Assert.java:1413)
at org.testng.Assert.assertEqualsImpl(Assert.java:149)
at org.testng.Assert.assertEquals(Assert.java:131)
at org.testng.Assert.assertEquals(Assert.java:655)
at org.testng.Assert.assertEquals(Assert.java:665)
at stepDefs.sliderFeatureSteps.checkOnNokiaUrl(sliderFeatureSteps.java:27)
at ✽.user should navigate to Nokia page(file:///C:/Users/user/IdeaProjects/E-commerce%20App%20Automation%20Testing/src/main/resources/features/slider.feature:7)
]]>
            </full-stacktrace>
          </exception> <!-- java.lang.AssertionError -->
          <reporter-output>
          </reporter-output>
        </test-method> <!-- runScenario -->
        <test-method status="FAIL" signature="runScenario(io.cucumber.testng.PickleWrapper,io.cucumber.testng.FeatureWrapper)[pri:0, instance:testRunner.simulator@50d0686]" name="runScenario" duration-ms="9101" started-at="2022-12-11T19:51:49 EET" description="Runs Cucumber Scenarios" data-provider="scenarios" finished-at="2022-12-11T19:51:58 EET">
          <params>
            <param index="0">
              <value>
                <![CDATA["test iphone pic"]]>
              </value>
            </param>
            <param index="1">
              <value>
                <![CDATA["test slider"]]>
              </value>
            </param>
          </params>
          <exception class="java.lang.AssertionError">
            <message>
              <![CDATA[expected [https://demo.nopcommerce.com/iphone-6] but found [https://demo.nopcommerce.com/]]]>
            </message>
            <full-stacktrace>
              <![CDATA[java.lang.AssertionError: expected [https://demo.nopcommerce.com/iphone-6] but found [https://demo.nopcommerce.com/]
at org.testng.Assert.fail(Assert.java:110)
at org.testng.Assert.failNotEquals(Assert.java:1413)
at org.testng.Assert.assertEqualsImpl(Assert.java:149)
at org.testng.Assert.assertEquals(Assert.java:131)
at org.testng.Assert.assertEquals(Assert.java:655)
at org.testng.Assert.assertEquals(Assert.java:665)
at stepDefs.sliderFeatureSteps.checkOnIphoneUrl(sliderFeatureSteps.java:37)
at ✽.user should navigate to iphone page(file:///C:/Users/user/IdeaProjects/E-commerce%20App%20Automation%20Testing/src/main/resources/features/slider.feature:11)
]]>
            </full-stacktrace>
          </exception> <!-- java.lang.AssertionError -->
          <reporter-output>
          </reporter-output>
        </test-method> <!-- runScenario -->
        <test-method status="PASS" signature="runScenario(io.cucumber.testng.PickleWrapper,io.cucumber.testng.FeatureWrapper)[pri:0, instance:testRunner.simulator@50d0686]" name="runScenario" duration-ms="8827" started-at="2022-12-11T19:51:58 EET" description="Runs Cucumber Scenarios" data-provider="scenarios" finished-at="2022-12-11T19:52:07 EET">
          <params>
            <param index="0">
              <value>
                <![CDATA["test add HTC to wish list"]]>
              </value>
            </param>
            <param index="1">
              <value>
                <![CDATA["test wish list"]]>
              </value>
            </param>
          </params>
          <reporter-output>
          </reporter-output>
        </test-method> <!-- runScenario -->
        <test-method status="PASS" signature="runScenario(io.cucumber.testng.PickleWrapper,io.cucumber.testng.FeatureWrapper)[pri:0, instance:testRunner.simulator@50d0686]" name="runScenario" duration-ms="15973" started-at="2022-12-11T19:52:07 EET" description="Runs Cucumber Scenarios" data-provider="scenarios" finished-at="2022-12-11T19:52:23 EET">
          <params>
            <param index="0">
              <value>
                <![CDATA["check on wish list cart"]]>
              </value>
            </param>
            <param index="1">
              <value>
                <![CDATA["test wish list"]]>
              </value>
            </param>
          </params>
          <reporter-output>
          </reporter-output>
        </test-method> <!-- runScenario -->
        <test-method status="PASS" signature="tearDownClass()[pri:0, instance:testRunner.simulator@50d0686]" name="tearDownClass" is-config="true" duration-ms="720" started-at="2022-12-11T19:52:23 EET" finished-at="2022-12-11T19:52:23 EET">
          <reporter-output>
          </reporter-output>
        </test-method> <!-- tearDownClass -->
      </class> <!-- testRunner.simulator -->
    </test> <!-- Surefire test -->
  </suite> <!-- Surefire suite -->
</testng-results>
